{"timestamp":"2025-09-23T05:53:30.996332","level":"info","event":"Filling up the DagBag from dags/produce_json.py","logger":"airflow.models.dagbag.DagBag"}
{"timestamp":"2025-09-23T05:53:31.700200","level":"info","event":"file_cache is only supported with oauth2client<4.0.0","logger":"googleapiclient.discovery_cache"}
{"timestamp":"2025-09-23T05:54:02.444914","level":"info","event":"Filling up the DagBag from dags/produce_json.py","logger":"airflow.models.dagbag.DagBag"}
{"timestamp":"2025-09-23T05:54:02.676000","level":"info","event":"file_cache is only supported with oauth2client<4.0.0","logger":"googleapiclient.discovery_cache"}
{"timestamp":"2025-09-23T05:54:32.814349","level":"info","event":"Filling up the DagBag from dags/produce_json.py","logger":"airflow.models.dagbag.DagBag"}
{"timestamp":"2025-09-23T05:54:32.905488","level":"info","event":"file_cache is only supported with oauth2client<4.0.0","logger":"googleapiclient.discovery_cache"}
{"timestamp":"2025-09-23T05:55:03.714626","level":"info","event":"Filling up the DagBag from dags/produce_json.py","logger":"airflow.models.dagbag.DagBag"}
{"timestamp":"2025-09-23T05:55:03.791657","level":"info","event":"file_cache is only supported with oauth2client<4.0.0","logger":"googleapiclient.discovery_cache"}
{"timestamp":"2025-09-23T05:55:34.570816","level":"info","event":"Filling up the DagBag from dags/produce_json.py","logger":"airflow.models.dagbag.DagBag"}
{"timestamp":"2025-09-23T05:55:34.654619","level":"info","event":"file_cache is only supported with oauth2client<4.0.0","logger":"googleapiclient.discovery_cache"}
{"timestamp":"2025-09-23T05:56:05.519445","level":"info","event":"Filling up the DagBag from dags/produce_json.py","logger":"airflow.models.dagbag.DagBag"}
{"timestamp":"2025-09-23T05:56:05.601221","level":"info","event":"file_cache is only supported with oauth2client<4.0.0","logger":"googleapiclient.discovery_cache"}
{"timestamp":"2025-09-23T05:56:35.646435","level":"info","event":"Filling up the DagBag from dags/produce_json.py","logger":"airflow.models.dagbag.DagBag"}
{"timestamp":"2025-09-23T05:56:35.731267","level":"info","event":"file_cache is only supported with oauth2client<4.0.0","logger":"googleapiclient.discovery_cache"}
{"timestamp":"2025-09-23T05:57:05.793820","level":"info","event":"Filling up the DagBag from dags/produce_json.py","logger":"airflow.models.dagbag.DagBag"}
{"timestamp":"2025-09-23T05:57:05.862740","level":"info","event":"file_cache is only supported with oauth2client<4.0.0","logger":"googleapiclient.discovery_cache"}
{"timestamp":"2025-09-23T05:57:36.642352","level":"info","event":"Filling up the DagBag from dags/produce_json.py","logger":"airflow.models.dagbag.DagBag"}
{"timestamp":"2025-09-23T05:57:36.730827","level":"info","event":"file_cache is only supported with oauth2client<4.0.0","logger":"googleapiclient.discovery_cache"}
{"timestamp":"2025-09-23T05:58:07.488807","level":"info","event":"Filling up the DagBag from dags/produce_json.py","logger":"airflow.models.dagbag.DagBag"}
{"timestamp":"2025-09-23T05:58:07.564021","level":"info","event":"file_cache is only supported with oauth2client<4.0.0","logger":"googleapiclient.discovery_cache"}
{"timestamp":"2025-09-23T05:58:38.413304","level":"info","event":"Filling up the DagBag from dags/produce_json.py","logger":"airflow.models.dagbag.DagBag"}
{"timestamp":"2025-09-23T05:58:38.504125","level":"info","event":"file_cache is only supported with oauth2client<4.0.0","logger":"googleapiclient.discovery_cache"}
{"timestamp":"2025-09-23T05:59:09.298120","level":"info","event":"Filling up the DagBag from dags/produce_json.py","logger":"airflow.models.dagbag.DagBag"}
{"timestamp":"2025-09-23T05:59:09.378117","level":"info","event":"file_cache is only supported with oauth2client<4.0.0","logger":"googleapiclient.discovery_cache"}
{"timestamp":"2025-09-23T05:59:34.030332","level":"info","event":"Filling up the DagBag from dags/produce_json.py","logger":"airflow.models.dagbag.DagBag"}
{"timestamp":"2025-09-23T05:59:34.117040","level":"info","event":"file_cache is only supported with oauth2client<4.0.0","logger":"googleapiclient.discovery_cache"}
{"timestamp":"2025-09-23T05:59:38.186637","level":"info","event":"Filling up the DagBag from dags/produce_json.py","logger":"airflow.models.dagbag.DagBag"}
{"timestamp":"2025-09-23T05:59:38.190507","level":"error","event":"Failed to import: dags/produce_json.py","logger":"airflow.models.dagbag.DagBag","error_detail":[{"exc_type":"SyntaxError","exc_value":"expected argument value expression (produce_json.py, line 161)","exc_notes":[],"syntax_error":{"offset":9,"filename":"dags/produce_json.py","line":"        retries=\n","lineno":161,"msg":"expected argument value expression"},"is_cause":false,"frames":[{"filename":"/workspaces/youtube_etl_pipeline/.venv/lib/python3.12/site-packages/airflow/models/dagbag.py","lineno":394,"name":"parse"},{"filename":"<frozen importlib._bootstrap_external>","lineno":990,"name":"exec_module"},{"filename":"<frozen importlib._bootstrap_external>","lineno":1128,"name":"get_code"},{"filename":"<frozen importlib._bootstrap_external>","lineno":1058,"name":"source_to_code"},{"filename":"<frozen importlib._bootstrap>","lineno":488,"name":"_call_with_frames_removed"}],"is_group":false,"exceptions":[]}]}
{"timestamp":"2025-09-23T05:59:41.053864","level":"info","event":"Filling up the DagBag from dags/produce_json.py","logger":"airflow.models.dagbag.DagBag"}
{"timestamp":"2025-09-23T05:59:41.062629","level":"error","event":"Failed to import: dags/produce_json.py","logger":"airflow.models.dagbag.DagBag","error_detail":[{"exc_type":"SyntaxError","exc_value":"positional argument follows keyword argument (produce_json.py, line 163)","exc_notes":[],"syntax_error":{"offset":5,"filename":"dags/produce_json.py","line":"    )\n","lineno":163,"msg":"positional argument follows keyword argument"},"is_cause":false,"frames":[{"filename":"/workspaces/youtube_etl_pipeline/.venv/lib/python3.12/site-packages/airflow/models/dagbag.py","lineno":394,"name":"parse"},{"filename":"<frozen importlib._bootstrap_external>","lineno":990,"name":"exec_module"},{"filename":"<frozen importlib._bootstrap_external>","lineno":1128,"name":"get_code"},{"filename":"<frozen importlib._bootstrap_external>","lineno":1058,"name":"source_to_code"},{"filename":"<frozen importlib._bootstrap>","lineno":488,"name":"_call_with_frames_removed"}],"is_group":false,"exceptions":[]}]}
{"timestamp":"2025-09-23T05:59:43.598046","level":"info","event":"Filling up the DagBag from dags/produce_json.py","logger":"airflow.models.dagbag.DagBag"}
{"timestamp":"2025-09-23T05:59:43.601788","level":"error","event":"Failed to import: dags/produce_json.py","logger":"airflow.models.dagbag.DagBag","error_detail":[{"exc_type":"SyntaxError","exc_value":"positional argument follows keyword argument (produce_json.py, line 163)","exc_notes":[],"syntax_error":{"offset":5,"filename":"dags/produce_json.py","line":"    )\n","lineno":163,"msg":"positional argument follows keyword argument"},"is_cause":false,"frames":[{"filename":"/workspaces/youtube_etl_pipeline/.venv/lib/python3.12/site-packages/airflow/models/dagbag.py","lineno":394,"name":"parse"},{"filename":"<frozen importlib._bootstrap_external>","lineno":990,"name":"exec_module"},{"filename":"<frozen importlib._bootstrap_external>","lineno":1128,"name":"get_code"},{"filename":"<frozen importlib._bootstrap_external>","lineno":1058,"name":"source_to_code"},{"filename":"<frozen importlib._bootstrap>","lineno":488,"name":"_call_with_frames_removed"}],"is_group":false,"exceptions":[]}]}
{"timestamp":"2025-09-23T05:59:49.873189","level":"info","event":"Filling up the DagBag from dags/produce_json.py","logger":"airflow.models.dagbag.DagBag"}
{"timestamp":"2025-09-23T05:59:49.878821","level":"error","event":"Failed to import: dags/produce_json.py","logger":"airflow.models.dagbag.DagBag","error_detail":[{"exc_type":"SyntaxError","exc_value":"positional argument follows keyword argument (produce_json.py, line 163)","exc_notes":[],"syntax_error":{"offset":5,"filename":"dags/produce_json.py","line":"    )\n","lineno":163,"msg":"positional argument follows keyword argument"},"is_cause":false,"frames":[{"filename":"/workspaces/youtube_etl_pipeline/.venv/lib/python3.12/site-packages/airflow/models/dagbag.py","lineno":394,"name":"parse"},{"filename":"<frozen importlib._bootstrap_external>","lineno":990,"name":"exec_module"},{"filename":"<frozen importlib._bootstrap_external>","lineno":1128,"name":"get_code"},{"filename":"<frozen importlib._bootstrap_external>","lineno":1058,"name":"source_to_code"},{"filename":"<frozen importlib._bootstrap>","lineno":488,"name":"_call_with_frames_removed"}],"is_group":false,"exceptions":[]}]}
{"timestamp":"2025-09-23T05:59:51.934522","level":"info","event":"Filling up the DagBag from dags/produce_json.py","logger":"airflow.models.dagbag.DagBag"}
{"timestamp":"2025-09-23T05:59:51.939679","level":"error","event":"Failed to import: dags/produce_json.py","logger":"airflow.models.dagbag.DagBag","error_detail":[{"exc_type":"SyntaxError","exc_value":"positional argument follows keyword argument (produce_json.py, line 163)","exc_notes":[],"syntax_error":{"offset":5,"filename":"dags/produce_json.py","line":"    )\n","lineno":163,"msg":"positional argument follows keyword argument"},"is_cause":false,"frames":[{"filename":"/workspaces/youtube_etl_pipeline/.venv/lib/python3.12/site-packages/airflow/models/dagbag.py","lineno":394,"name":"parse"},{"filename":"<frozen importlib._bootstrap_external>","lineno":990,"name":"exec_module"},{"filename":"<frozen importlib._bootstrap_external>","lineno":1128,"name":"get_code"},{"filename":"<frozen importlib._bootstrap_external>","lineno":1058,"name":"source_to_code"},{"filename":"<frozen importlib._bootstrap>","lineno":488,"name":"_call_with_frames_removed"}],"is_group":false,"exceptions":[]}]}
{"timestamp":"2025-09-23T06:00:03.044062","level":"info","event":"Filling up the DagBag from dags/produce_json.py","logger":"airflow.models.dagbag.DagBag"}
{"timestamp":"2025-09-23T06:00:03.047909","level":"error","event":"Failed to import: dags/produce_json.py","logger":"airflow.models.dagbag.DagBag","error_detail":[{"exc_type":"SyntaxError","exc_value":"expected argument value expression (produce_json.py, line 162)","exc_notes":[],"syntax_error":{"offset":9,"filename":"dags/produce_json.py","line":"        retry_delay=\n","lineno":162,"msg":"expected argument value expression"},"is_cause":false,"frames":[{"filename":"/workspaces/youtube_etl_pipeline/.venv/lib/python3.12/site-packages/airflow/models/dagbag.py","lineno":394,"name":"parse"},{"filename":"<frozen importlib._bootstrap_external>","lineno":990,"name":"exec_module"},{"filename":"<frozen importlib._bootstrap_external>","lineno":1128,"name":"get_code"},{"filename":"<frozen importlib._bootstrap_external>","lineno":1058,"name":"source_to_code"},{"filename":"<frozen importlib._bootstrap>","lineno":488,"name":"_call_with_frames_removed"}],"is_group":false,"exceptions":[]}]}
{"timestamp":"2025-09-23T06:00:33.087957","level":"info","event":"Filling up the DagBag from dags/produce_json.py","logger":"airflow.models.dagbag.DagBag"}
{"timestamp":"2025-09-23T06:00:33.092059","level":"error","event":"Failed to import: dags/produce_json.py","logger":"airflow.models.dagbag.DagBag","error_detail":[{"exc_type":"SyntaxError","exc_value":"expected argument value expression (produce_json.py, line 162)","exc_notes":[],"syntax_error":{"offset":9,"filename":"dags/produce_json.py","line":"        retry_delay=\n","lineno":162,"msg":"expected argument value expression"},"is_cause":false,"frames":[{"filename":"/workspaces/youtube_etl_pipeline/.venv/lib/python3.12/site-packages/airflow/models/dagbag.py","lineno":394,"name":"parse"},{"filename":"<frozen importlib._bootstrap_external>","lineno":990,"name":"exec_module"},{"filename":"<frozen importlib._bootstrap_external>","lineno":1128,"name":"get_code"},{"filename":"<frozen importlib._bootstrap_external>","lineno":1058,"name":"source_to_code"},{"filename":"<frozen importlib._bootstrap>","lineno":488,"name":"_call_with_frames_removed"}],"is_group":false,"exceptions":[]}]}
{"timestamp":"2025-09-23T06:00:53.086590","level":"info","event":"Filling up the DagBag from dags/produce_json.py","logger":"airflow.models.dagbag.DagBag"}
{"timestamp":"2025-09-23T06:00:53.352087","level":"info","event":"file_cache is only supported with oauth2client<4.0.0","logger":"googleapiclient.discovery_cache"}
{"timestamp":"2025-09-23T06:01:02.471251","level":"info","event":"Filling up the DagBag from dags/produce_json.py","logger":"airflow.models.dagbag.DagBag"}
{"timestamp":"2025-09-23T06:01:02.660031","level":"info","event":"file_cache is only supported with oauth2client<4.0.0","logger":"googleapiclient.discovery_cache"}
{"timestamp":"2025-09-23T06:01:02.664547","level":"error","event":"Failed to import: dags/produce_json.py","logger":"airflow.models.dagbag.DagBag","error_detail":[{"exc_type":"TypeError","exc_value":"unsupported type for timedelta days component: builtin_function_or_method","exc_notes":[],"syntax_error":null,"is_cause":false,"frames":[{"filename":"/workspaces/youtube_etl_pipeline/.venv/lib/python3.12/site-packages/airflow/models/dagbag.py","lineno":394,"name":"parse"},{"filename":"<frozen importlib._bootstrap_external>","lineno":994,"name":"exec_module"},{"filename":"<frozen importlib._bootstrap>","lineno":488,"name":"_call_with_frames_removed"},{"filename":"/workspaces/youtube_etl_pipeline/dags/produce_json.py","lineno":162,"name":"<module>"}],"is_group":false,"exceptions":[]}]}
{"timestamp":"2025-09-23T06:01:03.707123","level":"info","event":"Filling up the DagBag from dags/produce_json.py","logger":"airflow.models.dagbag.DagBag"}
{"timestamp":"2025-09-23T06:01:03.711129","level":"error","event":"Failed to import: dags/produce_json.py","logger":"airflow.models.dagbag.DagBag","error_detail":[{"exc_type":"SyntaxError","exc_value":"expected argument value expression (produce_json.py, line 162)","exc_notes":[],"syntax_error":{"offset":31,"filename":"dags/produce_json.py","line":"        retry_delay=timedelta(minutes=)\n","lineno":162,"msg":"expected argument value expression"},"is_cause":false,"frames":[{"filename":"/workspaces/youtube_etl_pipeline/.venv/lib/python3.12/site-packages/airflow/models/dagbag.py","lineno":394,"name":"parse"},{"filename":"<frozen importlib._bootstrap_external>","lineno":990,"name":"exec_module"},{"filename":"<frozen importlib._bootstrap_external>","lineno":1128,"name":"get_code"},{"filename":"<frozen importlib._bootstrap_external>","lineno":1058,"name":"source_to_code"},{"filename":"<frozen importlib._bootstrap>","lineno":488,"name":"_call_with_frames_removed"}],"is_group":false,"exceptions":[]}]}
{"timestamp":"2025-09-23T06:01:04.751004","level":"info","event":"Filling up the DagBag from dags/produce_json.py","logger":"airflow.models.dagbag.DagBag"}
{"timestamp":"2025-09-23T06:01:04.940458","level":"info","event":"file_cache is only supported with oauth2client<4.0.0","logger":"googleapiclient.discovery_cache"}
{"timestamp":"2025-09-23T06:01:19.143467","level":"info","event":"Filling up the DagBag from dags/produce_json.py","logger":"airflow.models.dagbag.DagBag"}
{"timestamp":"2025-09-23T06:01:19.217165","level":"info","event":"file_cache is only supported with oauth2client<4.0.0","logger":"googleapiclient.discovery_cache"}
{"timestamp":"2025-09-23T06:01:23.292621","level":"info","event":"Filling up the DagBag from dags/produce_json.py","logger":"airflow.models.dagbag.DagBag"}
{"timestamp":"2025-09-23T06:01:23.366001","level":"info","event":"file_cache is only supported with oauth2client<4.0.0","logger":"googleapiclient.discovery_cache"}
{"timestamp":"2025-09-23T06:01:26.429415","level":"info","event":"Filling up the DagBag from dags/produce_json.py","logger":"airflow.models.dagbag.DagBag"}
{"timestamp":"2025-09-23T06:01:26.509769","level":"info","event":"file_cache is only supported with oauth2client<4.0.0","logger":"googleapiclient.discovery_cache"}
{"timestamp":"2025-09-23T06:01:57.421844","level":"info","event":"Filling up the DagBag from dags/produce_json.py","logger":"airflow.models.dagbag.DagBag"}
{"timestamp":"2025-09-23T06:01:57.500618","level":"info","event":"file_cache is only supported with oauth2client<4.0.0","logger":"googleapiclient.discovery_cache"}
{"timestamp":"2025-09-23T06:02:14.784298","level":"info","event":"Filling up the DagBag from dags/produce_json.py","logger":"airflow.models.dagbag.DagBag"}
{"timestamp":"2025-09-23T06:02:14.873657","level":"info","event":"file_cache is only supported with oauth2client<4.0.0","logger":"googleapiclient.discovery_cache"}
{"timestamp":"2025-09-23T06:02:21.680076","level":"info","event":"Filling up the DagBag from dags/produce_json.py","logger":"airflow.models.dagbag.DagBag"}
{"timestamp":"2025-09-23T06:02:21.757259","level":"info","event":"file_cache is only supported with oauth2client<4.0.0","logger":"googleapiclient.discovery_cache"}
{"timestamp":"2025-09-23T06:02:36.910931","level":"info","event":"Filling up the DagBag from dags/produce_json.py","logger":"airflow.models.dagbag.DagBag"}
{"timestamp":"2025-09-23T06:02:36.985380","level":"info","event":"file_cache is only supported with oauth2client<4.0.0","logger":"googleapiclient.discovery_cache"}
{"timestamp":"2025-09-23T06:03:00.953744","level":"info","event":"Filling up the DagBag from dags/produce_json.py","logger":"airflow.models.dagbag.DagBag"}
{"timestamp":"2025-09-23T06:03:01.025404","level":"info","event":"file_cache is only supported with oauth2client<4.0.0","logger":"googleapiclient.discovery_cache"}
{"timestamp":"2025-09-23T06:03:14.218109","level":"info","event":"Filling up the DagBag from dags/produce_json.py","logger":"airflow.models.dagbag.DagBag"}
{"timestamp":"2025-09-23T06:03:14.305027","level":"info","event":"file_cache is only supported with oauth2client<4.0.0","logger":"googleapiclient.discovery_cache"}
{"timestamp":"2025-09-23T06:03:44.405335","level":"info","event":"Filling up the DagBag from dags/produce_json.py","logger":"airflow.models.dagbag.DagBag"}
{"timestamp":"2025-09-23T06:03:44.504697","level":"info","event":"file_cache is only supported with oauth2client<4.0.0","logger":"googleapiclient.discovery_cache"}
{"timestamp":"2025-09-23T06:03:55.246471","level":"info","event":"Filling up the DagBag from dags/produce_json.py","logger":"airflow.models.dagbag.DagBag"}
{"timestamp":"2025-09-23T06:03:55.248098","level":"error","event":"Failed to import: dags/produce_json.py","logger":"airflow.models.dagbag.DagBag","error_detail":[{"exc_type":"SyntaxError","exc_value":"trailing comma not allowed without surrounding parentheses (produce_json.py, line 6)","exc_notes":[],"syntax_error":{"offset":32,"filename":"dags/produce_json.py","line":"from datetime import datetime, \n","lineno":6,"msg":"trailing comma not allowed without surrounding parentheses"},"is_cause":false,"frames":[{"filename":"/workspaces/youtube_etl_pipeline/.venv/lib/python3.12/site-packages/airflow/models/dagbag.py","lineno":394,"name":"parse"},{"filename":"<frozen importlib._bootstrap_external>","lineno":990,"name":"exec_module"},{"filename":"<frozen importlib._bootstrap_external>","lineno":1128,"name":"get_code"},{"filename":"<frozen importlib._bootstrap_external>","lineno":1058,"name":"source_to_code"},{"filename":"<frozen importlib._bootstrap>","lineno":488,"name":"_call_with_frames_removed"}],"is_group":false,"exceptions":[]}]}
{"timestamp":"2025-09-23T06:03:57.300388","level":"info","event":"Filling up the DagBag from dags/produce_json.py","logger":"airflow.models.dagbag.DagBag"}
{"timestamp":"2025-09-23T06:03:57.377572","level":"info","event":"file_cache is only supported with oauth2client<4.0.0","logger":"googleapiclient.discovery_cache"}
{"timestamp":"2025-09-23T06:03:58.423545","level":"info","event":"Filling up the DagBag from dags/produce_json.py","logger":"airflow.models.dagbag.DagBag"}
{"timestamp":"2025-09-23T06:03:58.494814","level":"info","event":"file_cache is only supported with oauth2client<4.0.0","logger":"googleapiclient.discovery_cache"}
{"timestamp":"2025-09-23T06:04:07.596718","level":"info","event":"Filling up the DagBag from dags/produce_json.py","logger":"airflow.models.dagbag.DagBag"}
{"timestamp":"2025-09-23T06:04:07.667629","level":"info","event":"file_cache is only supported with oauth2client<4.0.0","logger":"googleapiclient.discovery_cache"}
{"timestamp":"2025-09-23T06:04:11.739606","level":"info","event":"Filling up the DagBag from dags/produce_json.py","logger":"airflow.models.dagbag.DagBag"}
{"timestamp":"2025-09-23T06:04:11.810858","level":"info","event":"file_cache is only supported with oauth2client<4.0.0","logger":"googleapiclient.discovery_cache"}
{"timestamp":"2025-09-23T06:04:14.931036","level":"info","event":"Filling up the DagBag from dags/produce_json.py","logger":"airflow.models.dagbag.DagBag"}
{"timestamp":"2025-09-23T06:04:15.014976","level":"info","event":"file_cache is only supported with oauth2client<4.0.0","logger":"googleapiclient.discovery_cache"}
{"timestamp":"2025-09-23T06:04:19.702382","level":"info","event":"Filling up the DagBag from dags/produce_json.py","logger":"airflow.models.dagbag.DagBag"}
{"timestamp":"2025-09-23T06:04:19.776248","level":"info","event":"file_cache is only supported with oauth2client<4.0.0","logger":"googleapiclient.discovery_cache"}
