{"timestamp":"2025-09-22T10:14:47.604137","level":"info","event":"DAG bundles loaded: dags-folder, example_dags","logger":"airflow.dag_processing.bundles.manager.DagBundlesManager"}
{"timestamp":"2025-09-22T10:14:47.604819","level":"info","event":"Filling up the DagBag from dags/produce_json.py","logger":"airflow.models.dagbag.DagBag"}
{"timestamp":"2025-09-22T10:14:47.709720","level":"info","event":"file_cache is only supported with oauth2client<4.0.0","logger":"googleapiclient.discovery_cache"}
{"timestamp":"2025-09-22T10:14:47.747151Z","level":"info","event":"Task instance is in running state","chan":"stdout","logger":"task"}
{"timestamp":"2025-09-22T10:14:47.747326Z","level":"info","event":" Previous state of the Task instance: TaskInstanceState.QUEUED","chan":"stdout","logger":"task"}
{"timestamp":"2025-09-22T10:14:47.747472Z","level":"info","event":"Current task name:save_task","chan":"stdout","logger":"task"}
{"timestamp":"2025-09-22T10:14:47.747561Z","level":"info","event":"Dag name:produce_json","chan":"stdout","logger":"task"}
{"timestamp":"2025-09-22T10:14:47.749468Z","level":"info","event":"file created","chan":"stdout","logger":"task"}
{"timestamp":"2025-09-22T10:14:48.222514Z","level":"info","event":"snippet:  None","chan":"stdout","logger":"task"}
{"timestamp":"2025-09-22T10:14:48.251435Z","level":"info","event":"snippet:  None","chan":"stdout","logger":"task"}
{"timestamp":"2025-09-22T10:14:48.282557Z","level":"info","event":"snippet:  None","chan":"stdout","logger":"task"}
{"timestamp":"2025-09-22T10:14:48.323889Z","level":"info","event":"snippet:  None","chan":"stdout","logger":"task"}
{"timestamp":"2025-09-22T10:14:48.353867Z","level":"info","event":"snippet:  None","chan":"stdout","logger":"task"}
{"timestamp":"2025-09-22T10:14:48.354110Z","level":"info","event":"le fichier est en écriture","chan":"stdout","logger":"task"}
{"timestamp":"2025-09-22T10:14:48.354242Z","level":"info","event":"le fichier est sauvegarder","chan":"stdout","logger":"task"}
{"timestamp":"2025-09-22T10:14:48.354333","level":"info","event":"Done. Returned value was: {'status': 200, 'message': \"L'extraction a réussie avec succes\"}","logger":"airflow.task.operators.airflow.providers.standard.operators.python.PythonOperator"}
{"timestamp":"2025-09-22T10:14:48.354650","level":"info","event":"Pushing xcom","ti":"RuntimeTaskInstance(id=UUID('019970eb-2910-74df-a62b-ddd57daffe8f'), task_id='save_task', dag_id='produce_json', run_id='manual__2025-09-22T10:14:43.712594+00:00', try_number=1, map_index=-1, hostname='codespaces-c2d229', context_carrier=None, task=<Task(PythonOperator): save_task>, bundle_instance=LocalDagBundle(name=dags-folder), max_tries=0, start_date=datetime.datetime(2025, 9, 22, 10, 14, 47, 568394, tzinfo=datetime.timezone.utc), end_date=None, state=<TaskInstanceState.RUNNING: 'running'>, is_mapped=False, rendered_map_index=None, log_url='http://localhost:8080/dags/produce_json/runs/manual__2025-09-22T10%3A14%3A43.712594%2B00%3A00/tasks/save_task?try_number=1')","logger":"task"}
{"timestamp":"2025-09-22T10:14:48.376125Z","level":"info","event":"Task instance in success state","chan":"stdout","logger":"task"}
{"timestamp":"2025-09-22T10:14:48.376268Z","level":"info","event":" Previous state of the Task instance: TaskInstanceState.RUNNING","chan":"stdout","logger":"task"}
{"timestamp":"2025-09-22T10:14:48.376448Z","level":"info","event":"Task operator:<Task(PythonOperator): save_task>","chan":"stdout","logger":"task"}
