{"timestamp":"2025-09-22T10:13:55.095078","level":"info","event":"DAG bundles loaded: dags-folder, example_dags","logger":"airflow.dag_processing.bundles.manager.DagBundlesManager"}
{"timestamp":"2025-09-22T10:13:55.095697","level":"info","event":"Filling up the DagBag from dags/produce_json.py","logger":"airflow.models.dagbag.DagBag"}
{"timestamp":"2025-09-22T10:13:55.168730","level":"info","event":"file_cache is only supported with oauth2client<4.0.0","logger":"googleapiclient.discovery_cache"}
{"timestamp":"2025-09-22T10:13:55.193603Z","level":"info","event":"Task instance is in running state","chan":"stdout","logger":"task"}
{"timestamp":"2025-09-22T10:13:55.193795Z","level":"info","event":" Previous state of the Task instance: TaskInstanceState.QUEUED","chan":"stdout","logger":"task"}
{"timestamp":"2025-09-22T10:13:55.193953Z","level":"info","event":"Current task name:save_task","chan":"stdout","logger":"task"}
{"timestamp":"2025-09-22T10:13:55.194052Z","level":"info","event":"Dag name:produce_json","chan":"stdout","logger":"task"}
{"timestamp":"2025-09-22T10:13:55.195416Z","level":"info","event":"file created","chan":"stdout","logger":"task"}
{"timestamp":"2025-09-22T10:13:55.676948Z","level":"info","event":"snippet:  None","chan":"stdout","logger":"task"}
{"timestamp":"2025-09-22T10:13:55.699923Z","level":"info","event":"snippet:  None","chan":"stdout","logger":"task"}
{"timestamp":"2025-09-22T10:13:55.724465Z","level":"info","event":"snippet:  None","chan":"stdout","logger":"task"}
{"timestamp":"2025-09-22T10:13:55.759918Z","level":"info","event":"snippet:  None","chan":"stdout","logger":"task"}
{"timestamp":"2025-09-22T10:13:55.791734Z","level":"info","event":"snippet:  None","chan":"stdout","logger":"task"}
{"timestamp":"2025-09-22T10:13:55.791954Z","level":"info","event":"le fichier est en écriture","chan":"stdout","logger":"task"}
{"timestamp":"2025-09-22T10:13:55.792095Z","level":"info","event":"le fichier est sauvegarder","chan":"stdout","logger":"task"}
{"timestamp":"2025-09-22T10:13:55.792179","level":"info","event":"Done. Returned value was: {'status': 200, 'message': \"L'extraction a réussie avec succes\"}","logger":"airflow.task.operators.airflow.providers.standard.operators.python.PythonOperator"}
{"timestamp":"2025-09-22T10:13:55.792455","level":"info","event":"Pushing xcom","ti":"RuntimeTaskInstance(id=UUID('019970ea-4c53-72a7-b3a9-c2cdda367199'), task_id='save_task', dag_id='produce_json', run_id='scheduled__2025-09-22T00:00:00+00:00', try_number=1, map_index=-1, hostname='codespaces-c2d229', context_carrier=None, task=<Task(PythonOperator): save_task>, bundle_instance=LocalDagBundle(name=dags-folder), max_tries=0, start_date=datetime.datetime(2025, 9, 22, 10, 13, 55, 70149, tzinfo=datetime.timezone.utc), end_date=None, state=<TaskInstanceState.RUNNING: 'running'>, is_mapped=False, rendered_map_index=None, log_url='http://localhost:8080/dags/produce_json/runs/scheduled__2025-09-22T00%3A00%3A00%2B00%3A00/tasks/save_task?try_number=1')","logger":"task"}
{"timestamp":"2025-09-22T10:13:55.814919Z","level":"info","event":"Task instance in success state","chan":"stdout","logger":"task"}
{"timestamp":"2025-09-22T10:13:55.815034Z","level":"info","event":" Previous state of the Task instance: TaskInstanceState.RUNNING","chan":"stdout","logger":"task"}
{"timestamp":"2025-09-22T10:13:55.815259Z","level":"info","event":"Task operator:<Task(PythonOperator): save_task>","chan":"stdout","logger":"task"}
