{"timestamp":"2025-09-22T10:16:08.761006","level":"info","event":"DAG bundles loaded: dags-folder, example_dags","logger":"airflow.dag_processing.bundles.manager.DagBundlesManager"}
{"timestamp":"2025-09-22T10:16:08.761662","level":"info","event":"Filling up the DagBag from dags/produce_json.py","logger":"airflow.models.dagbag.DagBag"}
{"timestamp":"2025-09-22T10:16:08.840988","level":"info","event":"file_cache is only supported with oauth2client<4.0.0","logger":"googleapiclient.discovery_cache"}
{"timestamp":"2025-09-22T10:16:08.869384Z","level":"info","event":"Task instance is in running state","chan":"stdout","logger":"task"}
{"timestamp":"2025-09-22T10:16:08.869539Z","level":"info","event":" Previous state of the Task instance: TaskInstanceState.QUEUED","chan":"stdout","logger":"task"}
{"timestamp":"2025-09-22T10:16:08.869807Z","level":"info","event":"Current task name:save_task","chan":"stdout","logger":"task"}
{"timestamp":"2025-09-22T10:16:08.869967Z","level":"info","event":"Dag name:produce_json","chan":"stdout","logger":"task"}
{"timestamp":"2025-09-22T10:16:08.871534Z","level":"info","event":"file created","chan":"stdout","logger":"task"}
{"timestamp":"2025-09-22T10:16:09.356190Z","level":"info","event":"snippet:  None","chan":"stdout","logger":"task"}
{"timestamp":"2025-09-22T10:16:09.381793Z","level":"info","event":"snippet:  None","chan":"stdout","logger":"task"}
{"timestamp":"2025-09-22T10:16:09.421321Z","level":"info","event":"snippet:  None","chan":"stdout","logger":"task"}
{"timestamp":"2025-09-22T10:16:09.459243Z","level":"info","event":"snippet:  None","chan":"stdout","logger":"task"}
{"timestamp":"2025-09-22T10:16:09.485162Z","level":"info","event":"snippet:  None","chan":"stdout","logger":"task"}
{"timestamp":"2025-09-22T10:16:09.485396Z","level":"info","event":"le fichier est en écriture","chan":"stdout","logger":"task"}
{"timestamp":"2025-09-22T10:16:09.485525Z","level":"info","event":"le fichier est sauvegarder","chan":"stdout","logger":"task"}
{"timestamp":"2025-09-22T10:16:09.485606","level":"info","event":"Done. Returned value was: {'status': 200, 'message': \"L'extraction a réussie avec succes\"}","logger":"airflow.task.operators.airflow.providers.standard.operators.python.PythonOperator"}
{"timestamp":"2025-09-22T10:16:09.485948","level":"info","event":"Pushing xcom","ti":"RuntimeTaskInstance(id=UUID('019970ec-67a5-70df-bad3-6876c315d05c'), task_id='save_task', dag_id='produce_json', run_id='manual__2025-09-22T10:16:05.269448+00:00', try_number=1, map_index=-1, hostname='codespaces-c2d229', context_carrier=None, task=<Task(PythonOperator): save_task>, bundle_instance=LocalDagBundle(name=dags-folder), max_tries=0, start_date=datetime.datetime(2025, 9, 22, 10, 16, 8, 739262, tzinfo=datetime.timezone.utc), end_date=None, state=<TaskInstanceState.RUNNING: 'running'>, is_mapped=False, rendered_map_index=None, log_url='http://localhost:8080/dags/produce_json/runs/manual__2025-09-22T10%3A16%3A05.269448%2B00%3A00/tasks/save_task?try_number=1')","logger":"task"}
{"timestamp":"2025-09-22T10:16:09.512156Z","level":"info","event":"Task instance in success state","chan":"stdout","logger":"task"}
{"timestamp":"2025-09-22T10:16:09.512282Z","level":"info","event":" Previous state of the Task instance: TaskInstanceState.RUNNING","chan":"stdout","logger":"task"}
{"timestamp":"2025-09-22T10:16:09.512444Z","level":"info","event":"Task operator:<Task(PythonOperator): save_task>","chan":"stdout","logger":"task"}
